e:\visual studio 2015\projects\spaceshooter\spaceshooter\debug\vc140.pdb
e:\visual studio 2015\projects\spaceshooter\spaceshooter\debug\vc140.idb
e:\visual studio 2015\projects\spaceshooter\spaceshooter\debug\gameentity.nativecodeanalysis.xml
e:\visual studio 2015\projects\spaceshooter\spaceshooter\debug\gamemanager.nativecodeanalysis.xml
e:\visual studio 2015\projects\spaceshooter\spaceshooter\debug\graphics.nativecodeanalysis.xml
e:\visual studio 2015\projects\spaceshooter\spaceshooter\debug\inputmanager.nativecodeanalysis.xml
e:\visual studio 2015\projects\spaceshooter\spaceshooter\debug\instructionscreen.nativecodeanalysis.xml
e:\visual studio 2015\projects\spaceshooter\spaceshooter\debug\level.nativecodeanalysis.xml
e:\visual studio 2015\projects\spaceshooter\spaceshooter\debug\main.nativecodeanalysis.xml
e:\visual studio 2015\projects\spaceshooter\spaceshooter\debug\meteor.nativecodeanalysis.xml
e:\visual studio 2015\projects\spaceshooter\spaceshooter\debug\particle.nativecodeanalysis.xml
e:\visual studio 2015\projects\spaceshooter\spaceshooter\debug\physentity.nativecodeanalysis.xml
e:\visual studio 2015\projects\spaceshooter\spaceshooter\debug\physicsmanager.nativecodeanalysis.xml
e:\visual studio 2015\projects\spaceshooter\spaceshooter\debug\player.nativecodeanalysis.xml
e:\visual studio 2015\projects\spaceshooter\spaceshooter\debug\playscreen.nativecodeanalysis.xml
e:\visual studio 2015\projects\spaceshooter\spaceshooter\debug\playtopbar.nativecodeanalysis.xml
e:\visual studio 2015\projects\spaceshooter\spaceshooter\debug\scoreboard.nativecodeanalysis.xml
e:\visual studio 2015\projects\spaceshooter\spaceshooter\debug\screenmanager.nativecodeanalysis.xml
e:\visual studio 2015\projects\spaceshooter\spaceshooter\debug\ship.nativecodeanalysis.xml
e:\visual studio 2015\projects\spaceshooter\spaceshooter\debug\startscreen.nativecodeanalysis.xml
e:\visual studio 2015\projects\spaceshooter\spaceshooter\debug\texture.nativecodeanalysis.xml
e:\visual studio 2015\projects\spaceshooter\spaceshooter\debug\timer.nativecodeanalysis.xml
e:\visual studio 2015\projects\spaceshooter\spaceshooter\debug\timer.obj
e:\visual studio 2015\projects\spaceshooter\spaceshooter\debug\texture.obj
e:\visual studio 2015\projects\spaceshooter\spaceshooter\debug\startscreen.obj
e:\visual studio 2015\projects\spaceshooter\spaceshooter\debug\ship.obj
e:\visual studio 2015\projects\spaceshooter\spaceshooter\debug\screenmanager.obj
e:\visual studio 2015\projects\spaceshooter\spaceshooter\debug\scoreboard.obj
e:\visual studio 2015\projects\spaceshooter\spaceshooter\debug\playtopbar.obj
e:\visual studio 2015\projects\spaceshooter\spaceshooter\debug\playscreen.obj
e:\visual studio 2015\projects\spaceshooter\spaceshooter\debug\player.obj
e:\visual studio 2015\projects\spaceshooter\spaceshooter\debug\physicsmanager.obj
e:\visual studio 2015\projects\spaceshooter\spaceshooter\debug\physentity.obj
e:\visual studio 2015\projects\spaceshooter\spaceshooter\debug\particle.obj
e:\visual studio 2015\projects\spaceshooter\spaceshooter\debug\meteor.obj
e:\visual studio 2015\projects\spaceshooter\spaceshooter\debug\main.obj
e:\visual studio 2015\projects\spaceshooter\spaceshooter\debug\level.obj
e:\visual studio 2015\projects\spaceshooter\spaceshooter\debug\instructionscreen.obj
e:\visual studio 2015\projects\spaceshooter\spaceshooter\debug\inputmanager.obj
e:\visual studio 2015\projects\spaceshooter\spaceshooter\debug\graphics.obj
e:\visual studio 2015\projects\spaceshooter\spaceshooter\debug\gamemanager.obj
e:\visual studio 2015\projects\spaceshooter\spaceshooter\debug\gameentity.obj
e:\visual studio 2015\projects\spaceshooter\spaceshooter\debug\animatedtexture.nativecodeanalysis.xml
e:\visual studio 2015\projects\spaceshooter\spaceshooter\debug\assetmanager.nativecodeanalysis.xml
e:\visual studio 2015\projects\spaceshooter\spaceshooter\debug\audiomanager.nativecodeanalysis.xml
e:\visual studio 2015\projects\spaceshooter\spaceshooter\debug\boxcollider.nativecodeanalysis.xml
e:\visual studio 2015\projects\spaceshooter\spaceshooter\debug\bullet.nativecodeanalysis.xml
e:\visual studio 2015\projects\spaceshooter\spaceshooter\debug\circlecollider.nativecodeanalysis.xml
e:\visual studio 2015\projects\spaceshooter\spaceshooter\debug\collider.nativecodeanalysis.xml
e:\visual studio 2015\projects\spaceshooter\spaceshooter\debug\collider.obj
e:\visual studio 2015\projects\spaceshooter\spaceshooter\debug\circlecollider.obj
e:\visual studio 2015\projects\spaceshooter\spaceshooter\debug\bullet.obj
e:\visual studio 2015\projects\spaceshooter\spaceshooter\debug\boxcollider.obj
e:\visual studio 2015\projects\spaceshooter\spaceshooter\debug\audiomanager.obj
e:\visual studio 2015\projects\spaceshooter\spaceshooter\debug\assetmanager.obj
e:\visual studio 2015\projects\spaceshooter\spaceshooter\debug\animatedtexture.obj
e:\visual studio 2015\projects\spaceshooter\spaceshooter\debug\stars.obj
e:\visual studio 2015\projects\spaceshooter\debug\spaceshooter.ilk
e:\visual studio 2015\projects\spaceshooter\debug\spaceshooter.exe
e:\visual studio 2015\projects\spaceshooter\debug\spaceshooter.pdb
e:\visual studio 2015\projects\spaceshooter\spaceshooter\debug\nativecodeanalysis.read.1.tlog
e:\visual studio 2015\projects\spaceshooter\spaceshooter\debug\vc.nativecodeanalysis.all.xml
e:\visual studio 2015\projects\spaceshooter\debug\spaceshooter.exe.lastcodeanalysissucceeded
e:\visual studio 2015\projects\spaceshooter\spaceshooter\debug\spaceshooter.tlog\cl.command.1.tlog
e:\visual studio 2015\projects\spaceshooter\spaceshooter\debug\spaceshooter.tlog\cl.read.1.tlog
e:\visual studio 2015\projects\spaceshooter\spaceshooter\debug\spaceshooter.tlog\cl.write.1.tlog
e:\visual studio 2015\projects\spaceshooter\spaceshooter\debug\spaceshooter.tlog\link.command.1.tlog
e:\visual studio 2015\projects\spaceshooter\spaceshooter\debug\spaceshooter.tlog\link.read.1.tlog
e:\visual studio 2015\projects\spaceshooter\spaceshooter\debug\spaceshooter.tlog\link.write.1.tlog
