  AnimatedTexture.cpp
  AssetManager.cpp
  AudioManager.cpp
c:\users\2339695\desktop\stephen benner\games\spaceshooter\spaceshooter\audiomanager.cpp(26): warning C4244: 'argument': conversion from 'float' to 'int', possible loss of data
c:\users\2339695\desktop\stephen benner\games\spaceshooter\spaceshooter\audiomanager.cpp(27): warning C4244: 'argument': conversion from 'float' to 'int', possible loss of data
  BoxCollider.cpp
  Bullet.cpp
  CircleCollider.cpp
  Collider.cpp
  Hyperion.cpp
c:\users\2339695\desktop\stephen benner\games\spaceshooter\spaceshooter\hyperion.cpp(144): warning C4244: '=': conversion from 'double' to 'float', possible loss of data
c:\users\2339695\desktop\stephen benner\games\spaceshooter\spaceshooter\hyperion.cpp(145): warning C4244: '=': conversion from 'double' to 'float', possible loss of data
c:\users\2339695\desktop\stephen benner\games\spaceshooter\spaceshooter\hyperion.cpp(171): warning C4018: '<': signed/unsigned mismatch
c:\users\2339695\desktop\stephen benner\games\spaceshooter\spaceshooter\hyperion.cpp(468): warning C4018: '<': signed/unsigned mismatch
  GameEntity.cpp
  GameManager.cpp
c:\users\2339695\desktop\stephen benner\games\spaceshooter\spaceshooter\gamemanager.cpp(46): warning C4244: 'argument': conversion from 'time_t' to 'unsigned int', possible loss of data
  Graphics.cpp
c:\users\2339695\desktop\stephen benner\games\spaceshooter\spaceshooter\graphics.cpp(148): warning C4244: 'argument': conversion from 'float' to 'int', possible loss of data
c:\users\2339695\desktop\stephen benner\games\spaceshooter\spaceshooter\graphics.cpp(160): warning C4244: 'initializing': conversion from 'float' to 'int', possible loss of data
c:\users\2339695\desktop\stephen benner\games\spaceshooter\spaceshooter\graphics.cpp(161): warning C4244: 'initializing': conversion from 'float' to 'int', possible loss of data
c:\users\2339695\desktop\stephen benner\games\spaceshooter\spaceshooter\graphics.cpp(164): warning C4244: 'argument': conversion from 'float' to 'int', possible loss of data
  InputManager.cpp
  InstructionScreen.cpp
  Level.cpp
c:\users\2339695\desktop\stephen benner\games\spaceshooter\spaceshooter\level.cpp(19): warning C4244: 'argument': conversion from 'double' to 'float', possible loss of data
c:\users\2339695\desktop\stephen benner\games\spaceshooter\spaceshooter\level.cpp(24): warning C4244: 'argument': conversion from 'double' to 'float', possible loss of data
c:\users\2339695\desktop\stephen benner\games\spaceshooter\spaceshooter\level.cpp(103): warning C4018: '<': signed/unsigned mismatch
c:\users\2339695\desktop\stephen benner\games\spaceshooter\spaceshooter\level.cpp(118): warning C4018: '<': signed/unsigned mismatch
c:\users\2339695\desktop\stephen benner\games\spaceshooter\spaceshooter\level.cpp(174): warning C4305: 'argument': truncation from 'double' to 'float'
c:\users\2339695\desktop\stephen benner\games\spaceshooter\spaceshooter\level.cpp(177): warning C4305: 'argument': truncation from 'double' to 'float'
c:\users\2339695\desktop\stephen benner\games\spaceshooter\spaceshooter\level.cpp(224): warning C4018: '<': signed/unsigned mismatch
c:\users\2339695\desktop\stephen benner\games\spaceshooter\spaceshooter\level.cpp(230): warning C4018: '<': signed/unsigned mismatch
c:\users\2339695\desktop\stephen benner\games\spaceshooter\spaceshooter\level.cpp(235): warning C4244: 'argument': conversion from 'int' to 'float', possible loss of data
c:\users\2339695\desktop\stephen benner\games\spaceshooter\spaceshooter\level.cpp(236): warning C4244: 'argument': conversion from 'int' to 'float', possible loss of data
c:\users\2339695\desktop\stephen benner\games\spaceshooter\spaceshooter\level.cpp(241): warning C4244: 'argument': conversion from 'int' to 'float', possible loss of data
c:\users\2339695\desktop\stephen benner\games\spaceshooter\spaceshooter\level.cpp(242): warning C4244: 'argument': conversion from 'int' to 'float', possible loss of data
c:\users\2339695\desktop\stephen benner\games\spaceshooter\spaceshooter\level.cpp(252): warning C4244: 'argument': conversion from 'int' to 'float', possible loss of data
c:\users\2339695\desktop\stephen benner\games\spaceshooter\spaceshooter\level.cpp(253): warning C4244: 'argument': conversion from 'int' to 'float', possible loss of data
c:\users\2339695\desktop\stephen benner\games\spaceshooter\spaceshooter\level.cpp(264): warning C4244: 'argument': conversion from 'int' to 'float', possible loss of data
c:\users\2339695\desktop\stephen benner\games\spaceshooter\spaceshooter\level.cpp(265): warning C4244: 'argument': conversion from 'int' to 'float', possible loss of data
c:\users\2339695\desktop\stephen benner\games\spaceshooter\spaceshooter\level.cpp(301): warning C4018: '<': signed/unsigned mismatch
c:\users\2339695\desktop\stephen benner\games\spaceshooter\spaceshooter\level.cpp(312): warning C4018: '<': signed/unsigned mismatch
c:\users\2339695\desktop\stephen benner\games\spaceshooter\spaceshooter\level.cpp(344): warning C4018: '<': signed/unsigned mismatch
c:\users\2339695\desktop\stephen benner\games\spaceshooter\spaceshooter\level.cpp(347): warning C4018: '<': signed/unsigned mismatch
c:\users\2339695\desktop\stephen benner\games\spaceshooter\spaceshooter\level.cpp(356): warning C4018: '<': signed/unsigned mismatch
c:\users\2339695\desktop\stephen benner\games\spaceshooter\spaceshooter\level.cpp(359): warning C4018: '<': signed/unsigned mismatch
  main.cpp
  Meteor.cpp
c:\users\2339695\desktop\stephen benner\games\spaceshooter\spaceshooter\meteor.cpp(67): warning C4244: '=': conversion from 'double' to 'float', possible loss of data
  Particle.cpp
  PhysEntity.cpp
c:\users\2339695\desktop\stephen benner\games\spaceshooter\spaceshooter\physicshelper.h(18): warning C4018: '<': signed/unsigned mismatch
c:\users\2339695\desktop\stephen benner\games\spaceshooter\spaceshooter\physicshelper.h(27): warning C4018: '<': signed/unsigned mismatch
c:\users\2339695\desktop\stephen benner\games\spaceshooter\spaceshooter\physicshelper.h(82): warning C4018: '<': signed/unsigned mismatch
c:\users\2339695\desktop\stephen benner\games\spaceshooter\spaceshooter\physicshelper.h(84): warning C4018: '<': signed/unsigned mismatch
c:\users\2339695\desktop\stephen benner\games\spaceshooter\spaceshooter\physentity.cpp(14): warning C4018: '<': signed/unsigned mismatch
c:\users\2339695\desktop\stephen benner\games\spaceshooter\spaceshooter\physentity.cpp(70): warning C4018: '<': signed/unsigned mismatch
c:\users\2339695\desktop\stephen benner\games\spaceshooter\spaceshooter\physentity.cpp(86): warning C4018: '<': signed/unsigned mismatch
  PhysicsManager.cpp
  Player.cpp
  Generating Code...
c:\users\2339695\desktop\stephen benner\games\spaceshooter\spaceshooter\mathhelper.h(65): warning C4172: returning address of local variable or temporary
  Compiling...
  PlayScreen.cpp
c:\users\2339695\desktop\stephen benner\games\spaceshooter\spaceshooter\playscreen.cpp(18): warning C4244: 'argument': conversion from 'double' to 'float', possible loss of data
c:\users\2339695\desktop\stephen benner\games\spaceshooter\spaceshooter\playscreen.cpp(57): warning C4244: 'argument': conversion from 'double' to 'float', possible loss of data
  PlayTopBar.cpp
c:\users\2339695\desktop\stephen benner\games\spaceshooter\spaceshooter\playtopbar.cpp(32): warning C4244: 'argument': conversion from 'double' to 'float', possible loss of data
c:\users\2339695\desktop\stephen benner\games\spaceshooter\spaceshooter\playtopbar.cpp(33): warning C4244: 'argument': conversion from 'double' to 'float', possible loss of data
c:\users\2339695\desktop\stephen benner\games\spaceshooter\spaceshooter\playtopbar.cpp(34): warning C4244: 'argument': conversion from 'double' to 'float', possible loss of data
  PowerUp.cpp
  Raider.cpp
c:\users\2339695\desktop\stephen benner\games\spaceshooter\spaceshooter\raider.cpp(138): warning C4244: '=': conversion from 'double' to 'float', possible loss of data
c:\users\2339695\desktop\stephen benner\games\spaceshooter\spaceshooter\raider.cpp(139): warning C4244: '=': conversion from 'double' to 'float', possible loss of data
c:\users\2339695\desktop\stephen benner\games\spaceshooter\spaceshooter\raider.cpp(165): warning C4018: '<': signed/unsigned mismatch
c:\users\2339695\desktop\stephen benner\games\spaceshooter\spaceshooter\raider.cpp(463): warning C4018: '<': signed/unsigned mismatch
  Scoreboard.cpp
c:\users\2339695\desktop\stephen benner\games\spaceshooter\spaceshooter\scoreboard.cpp(18): warning C4018: '<': signed/unsigned mismatch
c:\users\2339695\desktop\stephen benner\games\spaceshooter\spaceshooter\scoreboard.cpp(74): warning C4018: '<': signed/unsigned mismatch
  ScreenManager.cpp
  ShipSelection.cpp
c:\users\2339695\desktop\stephen benner\games\spaceshooter\spaceshooter\shipselection.cpp(102): warning C4244: 'argument': conversion from 'int' to 'const float', possible loss of data
  Stars.cpp
c:\users\2339695\desktop\stephen benner\games\spaceshooter\spaceshooter\stars.cpp(10): warning C4244: 'argument': conversion from 'int' to 'float', possible loss of data
c:\users\2339695\desktop\stephen benner\games\spaceshooter\spaceshooter\stars.cpp(21): warning C4018: '<': signed/unsigned mismatch
c:\users\2339695\desktop\stephen benner\games\spaceshooter\spaceshooter\stars.cpp(44): warning C4018: '<': signed/unsigned mismatch
c:\users\2339695\desktop\stephen benner\games\spaceshooter\spaceshooter\stars.cpp(49): warning C4244: 'argument': conversion from 'int' to 'float', possible loss of data
c:\users\2339695\desktop\stephen benner\games\spaceshooter\spaceshooter\stars.cpp(57): warning C4018: '<': signed/unsigned mismatch
c:\users\2339695\desktop\stephen benner\games\spaceshooter\spaceshooter\stars.cpp(58): warning C4244: 'argument': conversion from 'int' to 'float', possible loss of data
c:\users\2339695\desktop\stephen benner\games\spaceshooter\spaceshooter\stars.cpp(68): warning C4018: '<': signed/unsigned mismatch
c:\users\2339695\desktop\stephen benner\games\spaceshooter\spaceshooter\stars.cpp(77): warning C4018: '<': signed/unsigned mismatch
  StartScreen.cpp
c:\users\2339695\desktop\stephen benner\games\spaceshooter\spaceshooter\startscreen.cpp(20): warning C4244: 'argument': conversion from 'double' to 'float', possible loss of data
c:\users\2339695\desktop\stephen benner\games\spaceshooter\spaceshooter\startscreen.cpp(21): warning C4244: 'argument': conversion from 'double' to 'float', possible loss of data
c:\users\2339695\desktop\stephen benner\games\spaceshooter\spaceshooter\startscreen.cpp(22): warning C4244: 'argument': conversion from 'double' to 'float', possible loss of data
c:\users\2339695\desktop\stephen benner\games\spaceshooter\spaceshooter\startscreen.cpp(23): warning C4244: 'argument': conversion from 'double' to 'float', possible loss of data
c:\users\2339695\desktop\stephen benner\games\spaceshooter\spaceshooter\startscreen.cpp(67): warning C4244: 'argument': conversion from 'double' to 'float', possible loss of data
c:\users\2339695\desktop\stephen benner\games\spaceshooter\spaceshooter\startscreen.cpp(68): warning C4244: 'argument': conversion from 'double' to 'float', possible loss of data
c:\users\2339695\desktop\stephen benner\games\spaceshooter\spaceshooter\startscreen.cpp(69): warning C4244: 'argument': conversion from 'double' to 'float', possible loss of data
c:\users\2339695\desktop\stephen benner\games\spaceshooter\spaceshooter\startscreen.cpp(134): warning C4244: 'argument': conversion from 'int' to 'const float', possible loss of data
  StatScreen.cpp
c:\users\2339695\desktop\stephen benner\games\spaceshooter\spaceshooter\statscreen.cpp(171): warning C4244: 'argument': conversion from 'float' to 'int', possible loss of data
  Texture.cpp
  Timer.cpp
  Wasp.cpp
c:\users\2339695\desktop\stephen benner\games\spaceshooter\spaceshooter\wasp.cpp(149): warning C4244: '=': conversion from 'double' to 'float', possible loss of data
c:\users\2339695\desktop\stephen benner\games\spaceshooter\spaceshooter\wasp.cpp(150): warning C4244: '=': conversion from 'double' to 'float', possible loss of data
c:\users\2339695\desktop\stephen benner\games\spaceshooter\spaceshooter\wasp.cpp(176): warning C4018: '<': signed/unsigned mismatch
c:\users\2339695\desktop\stephen benner\games\spaceshooter\spaceshooter\wasp.cpp(473): warning C4018: '<': signed/unsigned mismatch
  Generating Code...
c:\users\2339695\desktop\stephen benner\games\spaceshooter\spaceshooter\mathhelper.h(65): warning C4172: returning address of local variable or temporary
c:\users\2339695\desktop\stephen benner\games\spaceshooter\spaceshooter\mathhelper.h(65): warning C4172: returning address of local variable or temporary
c:\users\2339695\desktop\stephen benner\games\spaceshooter\spaceshooter\mathhelper.h(65): warning C4172: returning address of local variable or temporary
  SpaceShooter.vcxproj -> C:\Users\2339695\Desktop\Stephen Benner\Games\SpaceShooter\Debug\SpaceShooter.exe
